nohup: ignoring input
2019-04-17 18:54:02.620490: I tensorflow/core/platform/cpu_feature_guard.cc:141] Your CPU supports instructions that this TensorFlow binary was not compiled to use: AVX2 AVX512F FMA
2019-04-17 18:54:02.648342: I tensorflow/core/platform/profile_utils/cpu_utils.cc:94] CPU Frequency: 2194845000 Hz
2019-04-17 18:54:02.651417: I tensorflow/compiler/xla/service/service.cc:150] XLA service 0x4212610 executing computations on platform Host. Devices:
2019-04-17 18:54:02.651455: I tensorflow/compiler/xla/service/service.cc:158]   StreamExecutor device (0): <undefined>, <undefined>
2019-04-17 18:54:02.654249: I tensorflow/core/distributed_runtime/rpc/grpc_channel.cc:252] Initialize GrpcChannelCache for job ps -> {0 -> 10.10.1.1:2222}
2019-04-17 18:54:02.654283: I tensorflow/core/distributed_runtime/rpc/grpc_channel.cc:252] Initialize GrpcChannelCache for job worker -> {0 -> 10.10.1.1:2223, 1 -> localhost:2222, 2 -> 10.10.1.3:2222}
2019-04-17 18:54:02.658706: I tensorflow/core/distributed_runtime/rpc/grpc_server_lib.cc:391] Started server with target: grpc://localhost:2222
WARNING:tensorflow:From distributed_async_LR.py:53: read_data_sets (from tensorflow.contrib.learn.python.learn.datasets.mnist) is deprecated and will be removed in a future version.
Instructions for updating:
Please use alternatives such as official/mnist/dataset.py from tensorflow/models.
WARNING:tensorflow:From /usr/local/lib/python2.7/dist-packages/tensorflow/contrib/learn/python/learn/datasets/mnist.py:260: maybe_download (from tensorflow.contrib.learn.python.learn.datasets.base) is deprecated and will be removed in a future version.
Instructions for updating:
Please write your own downloading logic.
WARNING:tensorflow:From /usr/local/lib/python2.7/dist-packages/tensorflow/contrib/learn/python/learn/datasets/mnist.py:262: extract_images (from tensorflow.contrib.learn.python.learn.datasets.mnist) is deprecated and will be removed in a future version.
Instructions for updating:
Please use tf.data to implement this functionality.
WARNING:tensorflow:From /usr/local/lib/python2.7/dist-packages/tensorflow/contrib/learn/python/learn/datasets/mnist.py:267: extract_labels (from tensorflow.contrib.learn.python.learn.datasets.mnist) is deprecated and will be removed in a future version.
Instructions for updating:
Please use tf.data to implement this functionality.
WARNING:tensorflow:From /usr/local/lib/python2.7/dist-packages/tensorflow/contrib/learn/python/learn/datasets/mnist.py:110: dense_to_one_hot (from tensorflow.contrib.learn.python.learn.datasets.mnist) is deprecated and will be removed in a future version.
Instructions for updating:
Please use tf.one_hot on tensors.
WARNING:tensorflow:From /usr/local/lib/python2.7/dist-packages/tensorflow/contrib/learn/python/learn/datasets/mnist.py:290: __init__ (from tensorflow.contrib.learn.python.learn.datasets.mnist) is deprecated and will be removed in a future version.
Instructions for updating:
Please use alternatives such as official/mnist/dataset.py from tensorflow/models.
WARNING:tensorflow:From /usr/local/lib/python2.7/dist-packages/tensorflow/python/framework/op_def_library.py:263: colocate_with (from tensorflow.python.framework.ops) is deprecated and will be removed in a future version.
Instructions for updating:
Colocations handled automatically by placer.
WARNING:tensorflow:From /usr/local/lib/python2.7/dist-packages/tensorflow/python/ops/math_ops.py:3066: to_int32 (from tensorflow.python.ops.math_ops) is deprecated and will be removed in a future version.
Instructions for updating:
Use tf.cast instead.
2019-04-17 18:54:03.861815: I tensorflow/core/distributed_runtime/master_session.cc:1192] Start master session c4919161e3d6fe5f with config: 
Extracting MNIST_data/train-images-idx3-ubyte.gz
Extracting MNIST_data/train-labels-idx1-ubyte.gz
Extracting MNIST_data/t10k-images-idx3-ubyte.gz
Extracting MNIST_data/t10k-labels-idx1-ubyte.gz
('Training Data shape :', (55000, 784))
('Start time of Training: ', 1555545243.88042)
('Device:', '0001', 'Epoch:', '0001', 'cost=', '6.159610208')
('Device:', '0001', 'Epoch:', '0002', 'cost=', '2.188214124')
('Device:', '0001', 'Epoch:', '0003', 'cost=', '1.581568857')
('Device:', '0001', 'Epoch:', '0004', 'cost=', '1.317796518')
('Device:', '0001', 'Epoch:', '0005', 'cost=', '1.164442235')
('Device:', '0001', 'Epoch:', '0006', 'cost=', '1.058968108')
('Device:', '0001', 'Epoch:', '0007', 'cost=', '0.982916721')
('Device:', '0001', 'Epoch:', '0008', 'cost=', '0.924034626')
('Device:', '0001', 'Epoch:', '0009', 'cost=', '0.876616339')
('Device:', '0001', 'Epoch:', '0010', 'cost=', '0.836787866')
('End time of Training: ', 1555545258.506978)
('Total time taken: ', 14.626558065414429)
('Device:', '0001', 'Accuracy:', 0.8321)
