nohup: ignoring input
2019-04-16 16:02:15.398507: I tensorflow/core/platform/cpu_feature_guard.cc:141] Your CPU supports instructions that this TensorFlow binary was not compiled to use: AVX2 AVX512F FMA
2019-04-16 16:02:15.425575: I tensorflow/core/platform/profile_utils/cpu_utils.cc:94] CPU Frequency: 2194845000 Hz
2019-04-16 16:02:15.428681: I tensorflow/compiler/xla/service/service.cc:150] XLA service 0x4373f80 executing computations on platform Host. Devices:
2019-04-16 16:02:15.428716: I tensorflow/compiler/xla/service/service.cc:158]   StreamExecutor device (0): <undefined>, <undefined>
2019-04-16 16:02:15.431545: I tensorflow/core/distributed_runtime/rpc/grpc_channel.cc:252] Initialize GrpcChannelCache for job ps -> {0 -> 10.10.1.1:2222}
2019-04-16 16:02:15.431574: I tensorflow/core/distributed_runtime/rpc/grpc_channel.cc:252] Initialize GrpcChannelCache for job worker -> {0 -> 10.10.1.1:2223, 1 -> localhost:2222}
2019-04-16 16:02:15.435366: I tensorflow/core/distributed_runtime/rpc/grpc_server_lib.cc:391] Started server with target: grpc://localhost:2222
WARNING:tensorflow:From distributed_async_LR.py:53: read_data_sets (from tensorflow.contrib.learn.python.learn.datasets.mnist) is deprecated and will be removed in a future version.
Instructions for updating:
Please use alternatives such as official/mnist/dataset.py from tensorflow/models.
WARNING:tensorflow:From /usr/local/lib/python2.7/dist-packages/tensorflow/contrib/learn/python/learn/datasets/mnist.py:260: maybe_download (from tensorflow.contrib.learn.python.learn.datasets.base) is deprecated and will be removed in a future version.
Instructions for updating:
Please write your own downloading logic.
WARNING:tensorflow:From /usr/local/lib/python2.7/dist-packages/tensorflow/contrib/learn/python/learn/datasets/mnist.py:262: extract_images (from tensorflow.contrib.learn.python.learn.datasets.mnist) is deprecated and will be removed in a future version.
Instructions for updating:
Please use tf.data to implement this functionality.
WARNING:tensorflow:From /usr/local/lib/python2.7/dist-packages/tensorflow/contrib/learn/python/learn/datasets/mnist.py:267: extract_labels (from tensorflow.contrib.learn.python.learn.datasets.mnist) is deprecated and will be removed in a future version.
Instructions for updating:
Please use tf.data to implement this functionality.
WARNING:tensorflow:From /usr/local/lib/python2.7/dist-packages/tensorflow/contrib/learn/python/learn/datasets/mnist.py:110: dense_to_one_hot (from tensorflow.contrib.learn.python.learn.datasets.mnist) is deprecated and will be removed in a future version.
Instructions for updating:
Please use tf.one_hot on tensors.
WARNING:tensorflow:From /usr/local/lib/python2.7/dist-packages/tensorflow/contrib/learn/python/learn/datasets/mnist.py:290: __init__ (from tensorflow.contrib.learn.python.learn.datasets.mnist) is deprecated and will be removed in a future version.
Instructions for updating:
Please use alternatives such as official/mnist/dataset.py from tensorflow/models.
WARNING:tensorflow:From /usr/local/lib/python2.7/dist-packages/tensorflow/python/framework/op_def_library.py:263: colocate_with (from tensorflow.python.framework.ops) is deprecated and will be removed in a future version.
Instructions for updating:
Colocations handled automatically by placer.
WARNING:tensorflow:From /usr/local/lib/python2.7/dist-packages/tensorflow/python/ops/math_ops.py:3066: to_int32 (from tensorflow.python.ops.math_ops) is deprecated and will be removed in a future version.
Instructions for updating:
Use tf.cast instead.
2019-04-16 16:02:16.649820: I tensorflow/core/distributed_runtime/master_session.cc:1192] Start master session a8c4166c150a075e with config: 
Extracting MNIST_data/train-images-idx3-ubyte.gz
Extracting MNIST_data/train-labels-idx1-ubyte.gz
Extracting MNIST_data/t10k-images-idx3-ubyte.gz
Extracting MNIST_data/t10k-labels-idx1-ubyte.gz
('Training Data shape :', (55000, 784))
('Epoch:', 1, 'cost =', '2.013')
('Epoch:', 2, 'cost =', '0.842')
('Epoch:', 3, 'cost =', '0.687')
('Epoch:', 4, 'cost =', '0.607')
('Epoch:', 5, 'cost =', '0.556')
('Epoch:', 6, 'cost =', '0.520')
('Epoch:', 7, 'cost =', '0.492')
('Epoch:', 8, 'cost =', '0.469')
('Epoch:', 9, 'cost =', '0.451')
('Epoch:', 10, 'cost =', '0.436')
0.8966
