nohup: ignoring input
2019-04-16 16:02:15.276488: I tensorflow/core/platform/cpu_feature_guard.cc:141] Your CPU supports instructions that this TensorFlow binary was not compiled to use: AVX2 AVX512F FMA
2019-04-16 16:02:15.296026: I tensorflow/core/platform/profile_utils/cpu_utils.cc:94] CPU Frequency: 2194840000 Hz
2019-04-16 16:02:15.297858: I tensorflow/compiler/xla/service/service.cc:150] XLA service 0x437a2f0 executing computations on platform Host. Devices:
2019-04-16 16:02:15.297879: I tensorflow/compiler/xla/service/service.cc:158]   StreamExecutor device (0): <undefined>, <undefined>
2019-04-16 16:02:15.299484: I tensorflow/core/distributed_runtime/rpc/grpc_channel.cc:252] Initialize GrpcChannelCache for job ps -> {0 -> 10.10.1.1:2222}
2019-04-16 16:02:15.299496: I tensorflow/core/distributed_runtime/rpc/grpc_channel.cc:252] Initialize GrpcChannelCache for job worker -> {0 -> localhost:2223, 1 -> 10.10.1.2:2222}
2019-04-16 16:02:15.302103: I tensorflow/core/distributed_runtime/rpc/grpc_server_lib.cc:391] Started server with target: grpc://localhost:2223
WARNING:tensorflow:From distributed_async_LR.py:53: read_data_sets (from tensorflow.contrib.learn.python.learn.datasets.mnist) is deprecated and will be removed in a future version.
Instructions for updating:
Please use alternatives such as official/mnist/dataset.py from tensorflow/models.
WARNING:tensorflow:From /usr/local/lib/python2.7/dist-packages/tensorflow/contrib/learn/python/learn/datasets/mnist.py:260: maybe_download (from tensorflow.contrib.learn.python.learn.datasets.base) is deprecated and will be removed in a future version.
Instructions for updating:
Please write your own downloading logic.
WARNING:tensorflow:From /usr/local/lib/python2.7/dist-packages/tensorflow/contrib/learn/python/learn/datasets/mnist.py:262: extract_images (from tensorflow.contrib.learn.python.learn.datasets.mnist) is deprecated and will be removed in a future version.
Instructions for updating:
Please use tf.data to implement this functionality.
WARNING:tensorflow:From /usr/local/lib/python2.7/dist-packages/tensorflow/contrib/learn/python/learn/datasets/mnist.py:267: extract_labels (from tensorflow.contrib.learn.python.learn.datasets.mnist) is deprecated and will be removed in a future version.
Instructions for updating:
Please use tf.data to implement this functionality.
WARNING:tensorflow:From /usr/local/lib/python2.7/dist-packages/tensorflow/contrib/learn/python/learn/datasets/mnist.py:110: dense_to_one_hot (from tensorflow.contrib.learn.python.learn.datasets.mnist) is deprecated and will be removed in a future version.
Instructions for updating:
Please use tf.one_hot on tensors.
WARNING:tensorflow:From /usr/local/lib/python2.7/dist-packages/tensorflow/contrib/learn/python/learn/datasets/mnist.py:290: __init__ (from tensorflow.contrib.learn.python.learn.datasets.mnist) is deprecated and will be removed in a future version.
Instructions for updating:
Please use alternatives such as official/mnist/dataset.py from tensorflow/models.
WARNING:tensorflow:From /usr/local/lib/python2.7/dist-packages/tensorflow/python/framework/op_def_library.py:263: colocate_with (from tensorflow.python.framework.ops) is deprecated and will be removed in a future version.
Instructions for updating:
Colocations handled automatically by placer.
WARNING:tensorflow:From /usr/local/lib/python2.7/dist-packages/tensorflow/python/ops/math_ops.py:3066: to_int32 (from tensorflow.python.ops.math_ops) is deprecated and will be removed in a future version.
Instructions for updating:
Use tf.cast instead.
2019-04-16 16:02:16.471828: I tensorflow/core/distributed_runtime/master_session.cc:1192] Start master session 234bd48a805174ae with config: 
2019-04-16 16:20:33.073638: W tensorflow/core/distributed_runtime/master_session.cc:2029] Unavailable: OS Error
Extracting MNIST_data/train-images-idx3-ubyte.gz
Extracting MNIST_data/train-labels-idx1-ubyte.gz
Extracting MNIST_data/t10k-images-idx3-ubyte.gz
Extracting MNIST_data/t10k-labels-idx1-ubyte.gz
('Training Data shape :', (55000, 784))
('Epoch:', 1, 'cost =', '1.900')
('Epoch:', 2, 'cost =', '0.807')
('Epoch:', 3, 'cost =', '0.662')
('Epoch:', 4, 'cost =', '0.586')
('Epoch:', 5, 'cost =', '0.537')
('Epoch:', 6, 'cost =', '0.502')
('Epoch:', 7, 'cost =', '0.475')
('Epoch:', 8, 'cost =', '0.454')
('Epoch:', 9, 'cost =', '0.436')
('Epoch:', 10, 'cost =', '0.425')
0.8965
